Analysis & Synthesis report for projeto
Mon Oct 10 17:31:13 2022
Quartus II Version 9.1 Build 350 03/24/2010 Service Pack 2 SJ Web Edition


---------------------
; Table of Contents ;
---------------------
  1. Legal Notice
  2. Analysis & Synthesis Summary
  3. Analysis & Synthesis Settings
  4. Parallel Compilation
  5. Analysis & Synthesis Source Files Read
  6. Analysis & Synthesis Resource Usage Summary
  7. Analysis & Synthesis Resource Utilization by Entity
  8. Analysis & Synthesis DSP Block Usage Summary
  9. State Machine - |main|state
 10. User-Specified and Inferred Latches
 11. Registers Removed During Synthesis
 12. General Register Statistics
 13. Multiplexer Restructuring Statistics (Restructuring Performed)
 14. Parameter Settings for Inferred Entity Instance: lpm_divide:Mod1
 15. Parameter Settings for Inferred Entity Instance: lpm_divide:Div1
 16. Parameter Settings for Inferred Entity Instance: lpm_divide:Mod0
 17. Parameter Settings for Inferred Entity Instance: lpm_divide:Div0
 18. Parameter Settings for Inferred Entity Instance: lpm_divide:Div2
 19. Parameter Settings for Inferred Entity Instance: lpm_divide:Mod2
 20. Parameter Settings for Inferred Entity Instance: lpm_divide:Div3
 21. Parameter Settings for Inferred Entity Instance: lpm_divide:Mod3
 22. Parameter Settings for Inferred Entity Instance: lpm_divide:Div4
 23. Parameter Settings for Inferred Entity Instance: lpm_divide:Mod4
 24. Parameter Settings for Inferred Entity Instance: lpm_mult:Mult0
 25. lpm_mult Parameter Settings by Entity Instance
 26. Analysis & Synthesis Messages



----------------
; Legal Notice ;
----------------
Copyright (C) 1991-2010 Altera Corporation
Your use of Altera Corporation's design tools, logic functions 
and other software and tools, and its AMPP partner logic 
functions, and any output files from any of the foregoing 
(including device programming or simulation files), and any 
associated documentation or information are expressly subject 
to the terms and conditions of the Altera Program License 
Subscription Agreement, Altera MegaCore Function License 
Agreement, or other applicable license agreement, including, 
without limitation, that your use is for the sole purpose of 
programming logic devices manufactured by Altera and sold by 
Altera or its authorized distributors.  Please refer to the 
applicable agreement for further details.



+-----------------------------------------------------------------------------------+
; Analysis & Synthesis Summary                                                      ;
+------------------------------------+----------------------------------------------+
; Analysis & Synthesis Status        ; Successful - Mon Oct 10 17:31:13 2022        ;
; Quartus II Version                 ; 9.1 Build 350 03/24/2010 SP 2 SJ Web Edition ;
; Revision Name                      ; projeto                                      ;
; Top-level Entity Name              ; main                                         ;
; Family                             ; Cyclone IV E                                 ;
; Total logic elements               ; 951                                          ;
;     Total combinational functions  ; 947                                          ;
;     Dedicated logic registers      ; 66                                           ;
; Total registers                    ; 66                                           ;
; Total pins                         ; 75                                           ;
; Total virtual pins                 ; 0                                            ;
; Total memory bits                  ; 0                                            ;
; Embedded Multiplier 9-bit elements ; 1                                            ;
; Total PLLs                         ; 0                                            ;
+------------------------------------+----------------------------------------------+


+----------------------------------------------------------------------------------------------------------------------+
; Analysis & Synthesis Settings                                                                                        ;
+----------------------------------------------------------------------------+--------------------+--------------------+
; Option                                                                     ; Setting            ; Default Value      ;
+----------------------------------------------------------------------------+--------------------+--------------------+
; Device                                                                     ; EP4CE115F29C7      ;                    ;
; Top-level entity name                                                      ; main               ; projeto            ;
; Family name                                                                ; Cyclone IV E       ; Stratix II         ;
; Use Generated Physical Constraints File                                    ; Off                ;                    ;
; Use smart compilation                                                      ; Off                ; Off                ;
; Enable parallel Assembler and TimeQuest Timing Analyzer during compilation ; On                 ; On                 ;
; Enable compact report table                                                ; Off                ; Off                ;
; Restructure Multiplexers                                                   ; Auto               ; Auto               ;
; Create Debugging Nodes for IP Cores                                        ; Off                ; Off                ;
; Preserve fewer node names                                                  ; On                 ; On                 ;
; Disable OpenCore Plus hardware evaluation                                  ; Off                ; Off                ;
; Verilog Version                                                            ; Verilog_2001       ; Verilog_2001       ;
; VHDL Version                                                               ; VHDL_1993          ; VHDL_1993          ;
; State Machine Processing                                                   ; Auto               ; Auto               ;
; Safe State Machine                                                         ; Off                ; Off                ;
; Extract Verilog State Machines                                             ; On                 ; On                 ;
; Extract VHDL State Machines                                                ; On                 ; On                 ;
; Ignore Verilog initial constructs                                          ; Off                ; Off                ;
; Iteration limit for constant Verilog loops                                 ; 5000               ; 5000               ;
; Iteration limit for non-constant Verilog loops                             ; 250                ; 250                ;
; Add Pass-Through Logic to Inferred RAMs                                    ; On                 ; On                 ;
; Parallel Synthesis                                                         ; On                 ; On                 ;
; DSP Block Balancing                                                        ; Auto               ; Auto               ;
; NOT Gate Push-Back                                                         ; On                 ; On                 ;
; Power-Up Don't Care                                                        ; On                 ; On                 ;
; Remove Redundant Logic Cells                                               ; Off                ; Off                ;
; Remove Duplicate Registers                                                 ; On                 ; On                 ;
; Ignore CARRY Buffers                                                       ; Off                ; Off                ;
; Ignore CASCADE Buffers                                                     ; Off                ; Off                ;
; Ignore GLOBAL Buffers                                                      ; Off                ; Off                ;
; Ignore ROW GLOBAL Buffers                                                  ; Off                ; Off                ;
; Ignore LCELL Buffers                                                       ; Off                ; Off                ;
; Ignore SOFT Buffers                                                        ; On                 ; On                 ;
; Limit AHDL Integers to 32 Bits                                             ; Off                ; Off                ;
; Optimization Technique                                                     ; Balanced           ; Balanced           ;
; Carry Chain Length                                                         ; 70                 ; 70                 ;
; Auto Carry Chains                                                          ; On                 ; On                 ;
; Auto Open-Drain Pins                                                       ; On                 ; On                 ;
; Perform WYSIWYG Primitive Resynthesis                                      ; Off                ; Off                ;
; Auto ROM Replacement                                                       ; On                 ; On                 ;
; Auto RAM Replacement                                                       ; On                 ; On                 ;
; Auto DSP Block Replacement                                                 ; On                 ; On                 ;
; Auto Shift Register Replacement                                            ; Auto               ; Auto               ;
; Auto Clock Enable Replacement                                              ; On                 ; On                 ;
; Strict RAM Replacement                                                     ; Off                ; Off                ;
; Allow Synchronous Control Signals                                          ; On                 ; On                 ;
; Force Use of Synchronous Clear Signals                                     ; Off                ; Off                ;
; Auto RAM Block Balancing                                                   ; On                 ; On                 ;
; Auto RAM to Logic Cell Conversion                                          ; Off                ; Off                ;
; Auto Resource Sharing                                                      ; Off                ; Off                ;
; Allow Any RAM Size For Recognition                                         ; Off                ; Off                ;
; Allow Any ROM Size For Recognition                                         ; Off                ; Off                ;
; Allow Any Shift Register Size For Recognition                              ; Off                ; Off                ;
; Use LogicLock Constraints during Resource Balancing                        ; On                 ; On                 ;
; Ignore translate_off and synthesis_off directives                          ; Off                ; Off                ;
; Timing-Driven Synthesis                                                    ; On                 ; On                 ;
; Show Parameter Settings Tables in Synthesis Report                         ; On                 ; On                 ;
; Ignore Maximum Fan-Out Assignments                                         ; Off                ; Off                ;
; Synchronization Register Chain Length                                      ; 2                  ; 2                  ;
; PowerPlay Power Optimization                                               ; Normal compilation ; Normal compilation ;
; HDL message level                                                          ; Level2             ; Level2             ;
; Suppress Register Optimization Related Messages                            ; Off                ; Off                ;
; Number of Removed Registers Reported in Synthesis Report                   ; 5000               ; 5000               ;
; Number of Inverted Registers Reported in Synthesis Report                  ; 100                ; 100                ;
; Clock MUX Protection                                                       ; On                 ; On                 ;
; Auto Gated Clock Conversion                                                ; Off                ; Off                ;
; Block Design Naming                                                        ; Auto               ; Auto               ;
; SDC constraint protection                                                  ; Off                ; Off                ;
; Synthesis Effort                                                           ; Auto               ; Auto               ;
; Shift Register Replacement - Allow Asynchronous Clear Signal               ; On                 ; On                 ;
; Analysis & Synthesis Message Level                                         ; Medium             ; Medium             ;
; Disable Register Merging Across Hierarchies                                ; Auto               ; Auto               ;
; Resource Aware Inference For Block RAM                                     ; On                 ; On                 ;
+----------------------------------------------------------------------------+--------------------+--------------------+


+------------------------------------------+
; Parallel Compilation                     ;
+----------------------------+-------------+
; Processors                 ; Number      ;
+----------------------------+-------------+
; Number detected on machine ; 4           ;
; Maximum allowed            ; 4           ;
;                            ;             ;
; Average used               ; 1.00        ;
; Maximum used               ; 4           ;
;                            ;             ;
; Usage by Processor         ; % Time Used ;
;     1 processor            ; 100.0%      ;
;     2-4 processors         ; < 0.1%      ;
+----------------------------+-------------+


+----------------------------------------------------------------------------------------------------------------------------------------------------------------+
; Analysis & Synthesis Source Files Read                                                                                                                         ;
+----------------------------------+-----------------+------------------------------+----------------------------------------------------------------------------+
; File Name with User-Entered Path ; Used in Netlist ; File Type                    ; File Name with Absolute Path                                               ;
+----------------------------------+-----------------+------------------------------+----------------------------------------------------------------------------+
; main.v                           ; yes             ; User Verilog HDL File        ; D:/Users/yass/Downloads/projeto/projeto/projeto/main.v                     ;
; decodificador.v                  ; yes             ; User Verilog HDL File        ; D:/Users/yass/Downloads/projeto/projeto/projeto/decodificador.v            ;
; lpm_divide.tdf                   ; yes             ; Megafunction                 ; c:/altera/91sp2/quartus/libraries/megafunctions/lpm_divide.tdf             ;
; db/lpm_divide_l9m.tdf            ; yes             ; Auto-Generated Megafunction  ; D:/Users/yass/Downloads/projeto/projeto/projeto/db/lpm_divide_l9m.tdf      ;
; db/sign_div_unsign_akh.tdf       ; yes             ; Auto-Generated Megafunction  ; D:/Users/yass/Downloads/projeto/projeto/projeto/db/sign_div_unsign_akh.tdf ;
; db/alt_u_div_84f.tdf             ; yes             ; Auto-Generated Megafunction  ; D:/Users/yass/Downloads/projeto/projeto/projeto/db/alt_u_div_84f.tdf       ;
; db/add_sub_7pc.tdf               ; yes             ; Auto-Generated Megafunction  ; D:/Users/yass/Downloads/projeto/projeto/projeto/db/add_sub_7pc.tdf         ;
; db/add_sub_8pc.tdf               ; yes             ; Auto-Generated Megafunction  ; D:/Users/yass/Downloads/projeto/projeto/projeto/db/add_sub_8pc.tdf         ;
; db/lpm_divide_ihm.tdf            ; yes             ; Auto-Generated Megafunction  ; D:/Users/yass/Downloads/projeto/projeto/projeto/db/lpm_divide_ihm.tdf      ;
; db/lpm_divide_dkm.tdf            ; yes             ; Auto-Generated Megafunction  ; D:/Users/yass/Downloads/projeto/projeto/projeto/db/lpm_divide_dkm.tdf      ;
; db/sign_div_unsign_5nh.tdf       ; yes             ; Auto-Generated Megafunction  ; D:/Users/yass/Downloads/projeto/projeto/projeto/db/sign_div_unsign_5nh.tdf ;
; db/alt_u_div_u9f.tdf             ; yes             ; Auto-Generated Megafunction  ; D:/Users/yass/Downloads/projeto/projeto/projeto/db/alt_u_div_u9f.tdf       ;
; db/lpm_divide_gcm.tdf            ; yes             ; Auto-Generated Megafunction  ; D:/Users/yass/Downloads/projeto/projeto/projeto/db/lpm_divide_gcm.tdf      ;
; db/lpm_divide_vim.tdf            ; yes             ; Auto-Generated Megafunction  ; D:/Users/yass/Downloads/projeto/projeto/projeto/db/lpm_divide_vim.tdf      ;
; db/sign_div_unsign_nlh.tdf       ; yes             ; Auto-Generated Megafunction  ; D:/Users/yass/Downloads/projeto/projeto/projeto/db/sign_div_unsign_nlh.tdf ;
; db/alt_u_div_27f.tdf             ; yes             ; Auto-Generated Megafunction  ; D:/Users/yass/Downloads/projeto/projeto/projeto/db/alt_u_div_27f.tdf       ;
; db/lpm_divide_2bm.tdf            ; yes             ; Auto-Generated Megafunction  ; D:/Users/yass/Downloads/projeto/projeto/projeto/db/lpm_divide_2bm.tdf      ;
; lpm_mult.tdf                     ; yes             ; Megafunction                 ; c:/altera/91sp2/quartus/libraries/megafunctions/lpm_mult.tdf               ;
; db/mult_6at.tdf                  ; yes             ; Auto-Generated Megafunction  ; D:/Users/yass/Downloads/projeto/projeto/projeto/db/mult_6at.tdf            ;
+----------------------------------+-----------------+------------------------------+----------------------------------------------------------------------------+


+---------------------------------------------------------+
; Analysis & Synthesis Resource Usage Summary             ;
+---------------------------------------------+-----------+
; Resource                                    ; Usage     ;
+---------------------------------------------+-----------+
; Estimated Total logic elements              ; 951       ;
;                                             ;           ;
; Total combinational functions               ; 947       ;
; Logic element usage by number of LUT inputs ;           ;
;     -- 4 input functions                    ; 278       ;
;     -- 3 input functions                    ; 311       ;
;     -- <=2 input functions                  ; 358       ;
;                                             ;           ;
; Logic elements by mode                      ;           ;
;     -- normal mode                          ; 706       ;
;     -- arithmetic mode                      ; 241       ;
;                                             ;           ;
; Total registers                             ; 66        ;
;     -- Dedicated logic registers            ; 66        ;
;     -- I/O registers                        ; 0         ;
;                                             ;           ;
; I/O pins                                    ; 75        ;
; Embedded Multiplier 9-bit elements          ; 1         ;
; Maximum fan-out node                        ; clk~input ;
; Maximum fan-out                             ; 66        ;
; Total fan-out                               ; 2982      ;
; Average fan-out                             ; 2.56      ;
+---------------------------------------------+-----------+


+---------------------------------------------------------------------------------------------------------------------------------------------------------------------------------------------------------------------------------------------------------------------------+
; Analysis & Synthesis Resource Utilization by Entity                                                                                                                                                                                                                       ;
+----------------------------------------+-------------------+--------------+-------------+--------------+---------+-----------+------+--------------+-------------------------------------------------------------------------------------------------------+--------------+
; Compilation Hierarchy Node             ; LC Combinationals ; LC Registers ; Memory Bits ; DSP Elements ; DSP 9x9 ; DSP 18x18 ; Pins ; Virtual Pins ; Full Hierarchy Name                                                                                   ; Library Name ;
+----------------------------------------+-------------------+--------------+-------------+--------------+---------+-----------+------+--------------+-------------------------------------------------------------------------------------------------------+--------------+
; |main                                  ; 947 (148)         ; 66 (66)      ; 0           ; 1            ; 1       ; 0         ; 75   ; 0            ; |main                                                                                                 ; work         ;
;    |decodificador:comb_502|            ; 15 (15)           ; 0 (0)        ; 0           ; 0            ; 0       ; 0         ; 0    ; 0            ; |main|decodificador:comb_502                                                                          ;              ;
;    |decodificador:comb_503|            ; 15 (15)           ; 0 (0)        ; 0           ; 0            ; 0       ; 0         ; 0    ; 0            ; |main|decodificador:comb_503                                                                          ;              ;
;    |decodificador:comb_504|            ; 15 (15)           ; 0 (0)        ; 0           ; 0            ; 0       ; 0         ; 0    ; 0            ; |main|decodificador:comb_504                                                                          ;              ;
;    |decodificador:comb_505|            ; 15 (15)           ; 0 (0)        ; 0           ; 0            ; 0       ; 0         ; 0    ; 0            ; |main|decodificador:comb_505                                                                          ;              ;
;    |decodificador:comb_506|            ; 15 (15)           ; 0 (0)        ; 0           ; 0            ; 0       ; 0         ; 0    ; 0            ; |main|decodificador:comb_506                                                                          ;              ;
;    |decodificador:comb_507|            ; 15 (15)           ; 0 (0)        ; 0           ; 0            ; 0       ; 0         ; 0    ; 0            ; |main|decodificador:comb_507                                                                          ;              ;
;    |decodificador:comb_508|            ; 15 (15)           ; 0 (0)        ; 0           ; 0            ; 0       ; 0         ; 0    ; 0            ; |main|decodificador:comb_508                                                                          ;              ;
;    |decodificador:comb_509|            ; 15 (15)           ; 0 (0)        ; 0           ; 0            ; 0       ; 0         ; 0    ; 0            ; |main|decodificador:comb_509                                                                          ;              ;
;    |lpm_divide:Div0|                   ; 43 (0)            ; 0 (0)        ; 0           ; 0            ; 0       ; 0         ; 0    ; 0            ; |main|lpm_divide:Div0                                                                                 ;              ;
;       |lpm_divide_ihm:auto_generated|  ; 43 (0)            ; 0 (0)        ; 0           ; 0            ; 0       ; 0         ; 0    ; 0            ; |main|lpm_divide:Div0|lpm_divide_ihm:auto_generated                                                   ;              ;
;          |sign_div_unsign_akh:divider| ; 43 (0)            ; 0 (0)        ; 0           ; 0            ; 0       ; 0         ; 0    ; 0            ; |main|lpm_divide:Div0|lpm_divide_ihm:auto_generated|sign_div_unsign_akh:divider                       ;              ;
;             |alt_u_div_84f:divider|    ; 43 (43)           ; 0 (0)        ; 0           ; 0            ; 0       ; 0         ; 0    ; 0            ; |main|lpm_divide:Div0|lpm_divide_ihm:auto_generated|sign_div_unsign_akh:divider|alt_u_div_84f:divider ;              ;
;    |lpm_divide:Div1|                   ; 43 (0)            ; 0 (0)        ; 0           ; 0            ; 0       ; 0         ; 0    ; 0            ; |main|lpm_divide:Div1                                                                                 ;              ;
;       |lpm_divide_ihm:auto_generated|  ; 43 (0)            ; 0 (0)        ; 0           ; 0            ; 0       ; 0         ; 0    ; 0            ; |main|lpm_divide:Div1|lpm_divide_ihm:auto_generated                                                   ;              ;
;          |sign_div_unsign_akh:divider| ; 43 (0)            ; 0 (0)        ; 0           ; 0            ; 0       ; 0         ; 0    ; 0            ; |main|lpm_divide:Div1|lpm_divide_ihm:auto_generated|sign_div_unsign_akh:divider                       ;              ;
;             |alt_u_div_84f:divider|    ; 43 (43)           ; 0 (0)        ; 0           ; 0            ; 0       ; 0         ; 0    ; 0            ; |main|lpm_divide:Div1|lpm_divide_ihm:auto_generated|sign_div_unsign_akh:divider|alt_u_div_84f:divider ;              ;
;    |lpm_divide:Div2|                   ; 123 (0)           ; 0 (0)        ; 0           ; 0            ; 0       ; 0         ; 0    ; 0            ; |main|lpm_divide:Div2                                                                                 ;              ;
;       |lpm_divide_dkm:auto_generated|  ; 123 (0)           ; 0 (0)        ; 0           ; 0            ; 0       ; 0         ; 0    ; 0            ; |main|lpm_divide:Div2|lpm_divide_dkm:auto_generated                                                   ;              ;
;          |sign_div_unsign_5nh:divider| ; 123 (0)           ; 0 (0)        ; 0           ; 0            ; 0       ; 0         ; 0    ; 0            ; |main|lpm_divide:Div2|lpm_divide_dkm:auto_generated|sign_div_unsign_5nh:divider                       ;              ;
;             |alt_u_div_u9f:divider|    ; 123 (123)         ; 0 (0)        ; 0           ; 0            ; 0       ; 0         ; 0    ; 0            ; |main|lpm_divide:Div2|lpm_divide_dkm:auto_generated|sign_div_unsign_5nh:divider|alt_u_div_u9f:divider ;              ;
;    |lpm_divide:Div3|                   ; 72 (0)            ; 0 (0)        ; 0           ; 0            ; 0       ; 0         ; 0    ; 0            ; |main|lpm_divide:Div3                                                                                 ;              ;
;       |lpm_divide_vim:auto_generated|  ; 72 (0)            ; 0 (0)        ; 0           ; 0            ; 0       ; 0         ; 0    ; 0            ; |main|lpm_divide:Div3|lpm_divide_vim:auto_generated                                                   ;              ;
;          |sign_div_unsign_nlh:divider| ; 72 (0)            ; 0 (0)        ; 0           ; 0            ; 0       ; 0         ; 0    ; 0            ; |main|lpm_divide:Div3|lpm_divide_vim:auto_generated|sign_div_unsign_nlh:divider                       ;              ;
;             |alt_u_div_27f:divider|    ; 72 (72)           ; 0 (0)        ; 0           ; 0            ; 0       ; 0         ; 0    ; 0            ; |main|lpm_divide:Div3|lpm_divide_vim:auto_generated|sign_div_unsign_nlh:divider|alt_u_div_27f:divider ;              ;
;    |lpm_divide:Div4|                   ; 44 (0)            ; 0 (0)        ; 0           ; 0            ; 0       ; 0         ; 0    ; 0            ; |main|lpm_divide:Div4                                                                                 ;              ;
;       |lpm_divide_ihm:auto_generated|  ; 44 (0)            ; 0 (0)        ; 0           ; 0            ; 0       ; 0         ; 0    ; 0            ; |main|lpm_divide:Div4|lpm_divide_ihm:auto_generated                                                   ;              ;
;          |sign_div_unsign_akh:divider| ; 44 (0)            ; 0 (0)        ; 0           ; 0            ; 0       ; 0         ; 0    ; 0            ; |main|lpm_divide:Div4|lpm_divide_ihm:auto_generated|sign_div_unsign_akh:divider                       ;              ;
;             |alt_u_div_84f:divider|    ; 44 (44)           ; 0 (0)        ; 0           ; 0            ; 0       ; 0         ; 0    ; 0            ; |main|lpm_divide:Div4|lpm_divide_ihm:auto_generated|sign_div_unsign_akh:divider|alt_u_div_84f:divider ;              ;
;    |lpm_divide:Mod0|                   ; 43 (0)            ; 0 (0)        ; 0           ; 0            ; 0       ; 0         ; 0    ; 0            ; |main|lpm_divide:Mod0                                                                                 ;              ;
;       |lpm_divide_l9m:auto_generated|  ; 43 (0)            ; 0 (0)        ; 0           ; 0            ; 0       ; 0         ; 0    ; 0            ; |main|lpm_divide:Mod0|lpm_divide_l9m:auto_generated                                                   ;              ;
;          |sign_div_unsign_akh:divider| ; 43 (0)            ; 0 (0)        ; 0           ; 0            ; 0       ; 0         ; 0    ; 0            ; |main|lpm_divide:Mod0|lpm_divide_l9m:auto_generated|sign_div_unsign_akh:divider                       ;              ;
;             |alt_u_div_84f:divider|    ; 43 (43)           ; 0 (0)        ; 0           ; 0            ; 0       ; 0         ; 0    ; 0            ; |main|lpm_divide:Mod0|lpm_divide_l9m:auto_generated|sign_div_unsign_akh:divider|alt_u_div_84f:divider ;              ;
;    |lpm_divide:Mod1|                   ; 43 (0)            ; 0 (0)        ; 0           ; 0            ; 0       ; 0         ; 0    ; 0            ; |main|lpm_divide:Mod1                                                                                 ;              ;
;       |lpm_divide_l9m:auto_generated|  ; 43 (0)            ; 0 (0)        ; 0           ; 0            ; 0       ; 0         ; 0    ; 0            ; |main|lpm_divide:Mod1|lpm_divide_l9m:auto_generated                                                   ;              ;
;          |sign_div_unsign_akh:divider| ; 43 (0)            ; 0 (0)        ; 0           ; 0            ; 0       ; 0         ; 0    ; 0            ; |main|lpm_divide:Mod1|lpm_divide_l9m:auto_generated|sign_div_unsign_akh:divider                       ;              ;
;             |alt_u_div_84f:divider|    ; 43 (43)           ; 0 (0)        ; 0           ; 0            ; 0       ; 0         ; 0    ; 0            ; |main|lpm_divide:Mod1|lpm_divide_l9m:auto_generated|sign_div_unsign_akh:divider|alt_u_div_84f:divider ;              ;
;    |lpm_divide:Mod2|                   ; 141 (0)           ; 0 (0)        ; 0           ; 0            ; 0       ; 0         ; 0    ; 0            ; |main|lpm_divide:Mod2                                                                                 ;              ;
;       |lpm_divide_gcm:auto_generated|  ; 141 (0)           ; 0 (0)        ; 0           ; 0            ; 0       ; 0         ; 0    ; 0            ; |main|lpm_divide:Mod2|lpm_divide_gcm:auto_generated                                                   ;              ;
;          |sign_div_unsign_5nh:divider| ; 141 (0)           ; 0 (0)        ; 0           ; 0            ; 0       ; 0         ; 0    ; 0            ; |main|lpm_divide:Mod2|lpm_divide_gcm:auto_generated|sign_div_unsign_5nh:divider                       ;              ;
;             |alt_u_div_u9f:divider|    ; 141 (141)         ; 0 (0)        ; 0           ; 0            ; 0       ; 0         ; 0    ; 0            ; |main|lpm_divide:Mod2|lpm_divide_gcm:auto_generated|sign_div_unsign_5nh:divider|alt_u_div_u9f:divider ;              ;
;    |lpm_divide:Mod3|                   ; 83 (0)            ; 0 (0)        ; 0           ; 0            ; 0       ; 0         ; 0    ; 0            ; |main|lpm_divide:Mod3                                                                                 ;              ;
;       |lpm_divide_2bm:auto_generated|  ; 83 (0)            ; 0 (0)        ; 0           ; 0            ; 0       ; 0         ; 0    ; 0            ; |main|lpm_divide:Mod3|lpm_divide_2bm:auto_generated                                                   ;              ;
;          |sign_div_unsign_nlh:divider| ; 83 (0)            ; 0 (0)        ; 0           ; 0            ; 0       ; 0         ; 0    ; 0            ; |main|lpm_divide:Mod3|lpm_divide_2bm:auto_generated|sign_div_unsign_nlh:divider                       ;              ;
;             |alt_u_div_27f:divider|    ; 83 (83)           ; 0 (0)        ; 0           ; 0            ; 0       ; 0         ; 0    ; 0            ; |main|lpm_divide:Mod3|lpm_divide_2bm:auto_generated|sign_div_unsign_nlh:divider|alt_u_div_27f:divider ;              ;
;    |lpm_divide:Mod4|                   ; 44 (0)            ; 0 (0)        ; 0           ; 0            ; 0       ; 0         ; 0    ; 0            ; |main|lpm_divide:Mod4                                                                                 ;              ;
;       |lpm_divide_l9m:auto_generated|  ; 44 (0)            ; 0 (0)        ; 0           ; 0            ; 0       ; 0         ; 0    ; 0            ; |main|lpm_divide:Mod4|lpm_divide_l9m:auto_generated                                                   ;              ;
;          |sign_div_unsign_akh:divider| ; 44 (0)            ; 0 (0)        ; 0           ; 0            ; 0       ; 0         ; 0    ; 0            ; |main|lpm_divide:Mod4|lpm_divide_l9m:auto_generated|sign_div_unsign_akh:divider                       ;              ;
;             |alt_u_div_84f:divider|    ; 44 (44)           ; 0 (0)        ; 0           ; 0            ; 0       ; 0         ; 0    ; 0            ; |main|lpm_divide:Mod4|lpm_divide_l9m:auto_generated|sign_div_unsign_akh:divider|alt_u_div_84f:divider ;              ;
;    |lpm_mult:Mult0|                    ; 0 (0)             ; 0 (0)        ; 0           ; 1            ; 1       ; 0         ; 0    ; 0            ; |main|lpm_mult:Mult0                                                                                  ;              ;
;       |mult_6at:auto_generated|        ; 0 (0)             ; 0 (0)        ; 0           ; 1            ; 1       ; 0         ; 0    ; 0            ; |main|lpm_mult:Mult0|mult_6at:auto_generated                                                          ;              ;
+----------------------------------------+-------------------+--------------+-------------+--------------+---------+-----------+------+--------------+-------------------------------------------------------------------------------------------------------+--------------+
Note: For table entries with two numbers listed, the numbers in parentheses indicate the number of resources of the given type used by the specific entity alone. The numbers listed outside of parentheses indicate the total resources of the given type used by the specific entity and all of its sub-entities in the hierarchy.


+-----------------------------------------------------+
; Analysis & Synthesis DSP Block Usage Summary        ;
+---------------------------------------+-------------+
; Statistic                             ; Number Used ;
+---------------------------------------+-------------+
; Simple Multipliers (9-bit)            ; 1           ;
; Simple Multipliers (18-bit)           ; 0           ;
; Embedded Multiplier Blocks            ; --          ;
; Embedded Multiplier 9-bit elements    ; 1           ;
; Signed Embedded Multipliers           ; 0           ;
; Unsigned Embedded Multipliers         ; 1           ;
; Mixed Sign Embedded Multipliers       ; 0           ;
; Variable Sign Embedded Multipliers    ; 0           ;
; Dedicated Input Shift Register Chains ; 0           ;
+---------------------------------------+-------------+
Note: number of Embedded Multiplier Blocks used is only available after a successful fit.


Encoding Type:  One-Hot
+-----------------------------+
; State Machine - |main|state ;
+----------+------------------+
; Name     ; state.01         ;
+----------+------------------+
; state.00 ; 0                ;
; state.01 ; 1                ;
+----------+------------------+


+------------------------------------------------------------------------------------------------------------+
; User-Specified and Inferred Latches                                                                        ;
+-----------------------------------------------------+-----------------------------+------------------------+
; Latch Name                                          ; Latch Enable Signal         ; Free of Timing Hazards ;
+-----------------------------------------------------+-----------------------------+------------------------+
; decodificador:comb_504|display[6]                   ; decodificador:comb_504|Mux7 ; yes                    ;
; decodificador:comb_504|display[5]                   ; decodificador:comb_504|Mux7 ; yes                    ;
; decodificador:comb_504|display[4]                   ; decodificador:comb_504|Mux7 ; yes                    ;
; decodificador:comb_504|display[3]                   ; decodificador:comb_504|Mux7 ; yes                    ;
; decodificador:comb_504|display[2]                   ; decodificador:comb_504|Mux7 ; yes                    ;
; decodificador:comb_504|display[1]                   ; decodificador:comb_504|Mux7 ; yes                    ;
; decodificador:comb_504|display[0]                   ; decodificador:comb_504|Mux7 ; yes                    ;
; decodificador:comb_505|display[6]                   ; decodificador:comb_505|Mux7 ; yes                    ;
; decodificador:comb_505|display[5]                   ; decodificador:comb_505|Mux7 ; yes                    ;
; decodificador:comb_505|display[4]                   ; decodificador:comb_505|Mux7 ; yes                    ;
; decodificador:comb_505|display[3]                   ; decodificador:comb_505|Mux7 ; yes                    ;
; decodificador:comb_505|display[2]                   ; decodificador:comb_505|Mux7 ; yes                    ;
; decodificador:comb_505|display[1]                   ; decodificador:comb_505|Mux7 ; yes                    ;
; decodificador:comb_505|display[0]                   ; decodificador:comb_505|Mux7 ; yes                    ;
; decodificador:comb_502|display[6]                   ; decodificador:comb_502|Mux7 ; yes                    ;
; decodificador:comb_502|display[5]                   ; decodificador:comb_502|Mux7 ; yes                    ;
; decodificador:comb_502|display[4]                   ; decodificador:comb_502|Mux7 ; yes                    ;
; decodificador:comb_502|display[3]                   ; decodificador:comb_502|Mux7 ; yes                    ;
; decodificador:comb_502|display[2]                   ; decodificador:comb_502|Mux7 ; yes                    ;
; decodificador:comb_502|display[1]                   ; decodificador:comb_502|Mux7 ; yes                    ;
; decodificador:comb_502|display[0]                   ; decodificador:comb_502|Mux7 ; yes                    ;
; decodificador:comb_503|display[6]                   ; decodificador:comb_503|Mux7 ; yes                    ;
; decodificador:comb_503|display[5]                   ; decodificador:comb_503|Mux7 ; yes                    ;
; decodificador:comb_503|display[4]                   ; decodificador:comb_503|Mux7 ; yes                    ;
; decodificador:comb_503|display[3]                   ; decodificador:comb_503|Mux7 ; yes                    ;
; decodificador:comb_503|display[2]                   ; decodificador:comb_503|Mux7 ; yes                    ;
; decodificador:comb_503|display[1]                   ; decodificador:comb_503|Mux7 ; yes                    ;
; decodificador:comb_503|display[0]                   ; decodificador:comb_503|Mux7 ; yes                    ;
; decodificador:comb_506|display[6]                   ; decodificador:comb_506|Mux7 ; yes                    ;
; decodificador:comb_506|display[5]                   ; decodificador:comb_506|Mux7 ; yes                    ;
; decodificador:comb_506|display[4]                   ; decodificador:comb_506|Mux7 ; yes                    ;
; decodificador:comb_506|display[3]                   ; decodificador:comb_506|Mux7 ; yes                    ;
; decodificador:comb_506|display[2]                   ; decodificador:comb_506|Mux7 ; yes                    ;
; decodificador:comb_506|display[1]                   ; decodificador:comb_506|Mux7 ; yes                    ;
; decodificador:comb_506|display[0]                   ; decodificador:comb_506|Mux7 ; yes                    ;
; decodificador:comb_507|display[6]                   ; decodificador:comb_507|Mux7 ; yes                    ;
; decodificador:comb_507|display[5]                   ; decodificador:comb_507|Mux7 ; yes                    ;
; decodificador:comb_507|display[4]                   ; decodificador:comb_507|Mux7 ; yes                    ;
; decodificador:comb_507|display[3]                   ; decodificador:comb_507|Mux7 ; yes                    ;
; decodificador:comb_507|display[2]                   ; decodificador:comb_507|Mux7 ; yes                    ;
; decodificador:comb_507|display[1]                   ; decodificador:comb_507|Mux7 ; yes                    ;
; decodificador:comb_507|display[0]                   ; decodificador:comb_507|Mux7 ; yes                    ;
; decodificador:comb_508|display[6]                   ; decodificador:comb_508|Mux7 ; yes                    ;
; decodificador:comb_508|display[5]                   ; decodificador:comb_508|Mux7 ; yes                    ;
; decodificador:comb_508|display[4]                   ; decodificador:comb_508|Mux7 ; yes                    ;
; decodificador:comb_508|display[3]                   ; decodificador:comb_508|Mux7 ; yes                    ;
; decodificador:comb_508|display[2]                   ; decodificador:comb_508|Mux7 ; yes                    ;
; decodificador:comb_508|display[1]                   ; decodificador:comb_508|Mux7 ; yes                    ;
; decodificador:comb_508|display[0]                   ; decodificador:comb_508|Mux7 ; yes                    ;
; decodificador:comb_509|display[6]                   ; decodificador:comb_509|Mux7 ; yes                    ;
; decodificador:comb_509|display[5]                   ; decodificador:comb_509|Mux7 ; yes                    ;
; decodificador:comb_509|display[4]                   ; decodificador:comb_509|Mux7 ; yes                    ;
; decodificador:comb_509|display[3]                   ; decodificador:comb_509|Mux7 ; yes                    ;
; decodificador:comb_509|display[2]                   ; decodificador:comb_509|Mux7 ; yes                    ;
; decodificador:comb_509|display[1]                   ; decodificador:comb_509|Mux7 ; yes                    ;
; decodificador:comb_509|display[0]                   ; decodificador:comb_509|Mux7 ; yes                    ;
; Number of user-specified and inferred latches = 56  ;                             ;                        ;
+-----------------------------------------------------+-----------------------------+------------------------+
Note: All latches listed above may not be present at the end of synthesis due to various synthesis optimizations.


+------------------------------------------------------------+
; Registers Removed During Synthesis                         ;
+---------------------------------------+--------------------+
; Register name                         ; Reason for Removal ;
+---------------------------------------+--------------------+
; state~5                               ; Lost fanout        ;
; Total Number of Removed Registers = 1 ;                    ;
+---------------------------------------+--------------------+


+------------------------------------------------------+
; General Register Statistics                          ;
+----------------------------------------------+-------+
; Statistic                                    ; Value ;
+----------------------------------------------+-------+
; Total registers                              ; 66    ;
; Number of registers using Synchronous Clear  ; 1     ;
; Number of registers using Synchronous Load   ; 1     ;
; Number of registers using Asynchronous Clear ; 0     ;
; Number of registers using Asynchronous Load  ; 0     ;
; Number of registers using Clock Enable       ; 32    ;
; Number of registers using Preset             ; 0     ;
+----------------------------------------------+-------+


+------------------------------------------------------------------------------------------------------------------------------------------+
; Multiplexer Restructuring Statistics (Restructuring Performed)                                                                           ;
+--------------------+-----------+---------------+----------------------+------------------------+------------+----------------------------+
; Multiplexer Inputs ; Bus Width ; Baseline Area ; Area if Restructured ; Saving if Restructured ; Registered ; Example Multiplexer Output ;
+--------------------+-----------+---------------+----------------------+------------------------+------------+----------------------------+
; 3:1                ; 16 bits   ; 32 LEs        ; 16 LEs               ; 16 LEs                 ; Yes        ; |main|num1[1]              ;
; 5:1                ; 3 bits    ; 9 LEs         ; 6 LEs                ; 3 LEs                  ; Yes        ; |main|pressedSub           ;
; 6:1                ; 6 bits    ; 24 LEs        ; 12 LEs               ; 12 LEs                 ; Yes        ; |main|resultado[0]         ;
; 6:1                ; 4 bits    ; 16 LEs        ; 8 LEs                ; 8 LEs                  ; Yes        ; |main|result1[0]           ;
; 6:1                ; 12 bits   ; 48 LEs        ; 24 LEs               ; 24 LEs                 ; Yes        ; |main|result4[0]           ;
; 7:1                ; 7 bits    ; 28 LEs        ; 28 LEs               ; 0 LEs                  ; Yes        ; |main|resultado[8]         ;
; 4:1                ; 2 bits    ; 4 LEs         ; 4 LEs                ; 0 LEs                  ; No         ; |main|state                ;
+--------------------+-----------+---------------+----------------------+------------------------+------------+----------------------------+


+------------------------------------------------------------------+
; Parameter Settings for Inferred Entity Instance: lpm_divide:Mod1 ;
+------------------------+----------------+------------------------+
; Parameter Name         ; Value          ; Type                   ;
+------------------------+----------------+------------------------+
; LPM_WIDTHN             ; 7              ; Untyped                ;
; LPM_WIDTHD             ; 4              ; Untyped                ;
; LPM_NREPRESENTATION    ; UNSIGNED       ; Untyped                ;
; LPM_DREPRESENTATION    ; UNSIGNED       ; Untyped                ;
; LPM_PIPELINE           ; 0              ; Untyped                ;
; LPM_REMAINDERPOSITIVE  ; TRUE           ; Untyped                ;
; MAXIMIZE_SPEED         ; 5              ; Untyped                ;
; CBXI_PARAMETER         ; lpm_divide_l9m ; Untyped                ;
; CARRY_CHAIN            ; MANUAL         ; Untyped                ;
; OPTIMIZE_FOR_SPEED     ; 5              ; Untyped                ;
; AUTO_CARRY_CHAINS      ; ON             ; AUTO_CARRY             ;
; IGNORE_CARRY_BUFFERS   ; OFF            ; IGNORE_CARRY           ;
; AUTO_CASCADE_CHAINS    ; ON             ; AUTO_CASCADE           ;
; IGNORE_CASCADE_BUFFERS ; OFF            ; IGNORE_CASCADE         ;
+------------------------+----------------+------------------------+
Note: In order to hide this table in the UI and the text report file, please set the "Show Parameter Settings Tables in Synthesis Report" option in "Analysis and Synthesis Settings -> More Settings" to "Off".


+------------------------------------------------------------------+
; Parameter Settings for Inferred Entity Instance: lpm_divide:Div1 ;
+------------------------+----------------+------------------------+
; Parameter Name         ; Value          ; Type                   ;
+------------------------+----------------+------------------------+
; LPM_WIDTHN             ; 7              ; Untyped                ;
; LPM_WIDTHD             ; 4              ; Untyped                ;
; LPM_NREPRESENTATION    ; UNSIGNED       ; Untyped                ;
; LPM_DREPRESENTATION    ; UNSIGNED       ; Untyped                ;
; LPM_PIPELINE           ; 0              ; Untyped                ;
; LPM_REMAINDERPOSITIVE  ; TRUE           ; Untyped                ;
; MAXIMIZE_SPEED         ; 5              ; Untyped                ;
; CBXI_PARAMETER         ; lpm_divide_ihm ; Untyped                ;
; CARRY_CHAIN            ; MANUAL         ; Untyped                ;
; OPTIMIZE_FOR_SPEED     ; 5              ; Untyped                ;
; AUTO_CARRY_CHAINS      ; ON             ; AUTO_CARRY             ;
; IGNORE_CARRY_BUFFERS   ; OFF            ; IGNORE_CARRY           ;
; AUTO_CASCADE_CHAINS    ; ON             ; AUTO_CASCADE           ;
; IGNORE_CASCADE_BUFFERS ; OFF            ; IGNORE_CASCADE         ;
+------------------------+----------------+------------------------+
Note: In order to hide this table in the UI and the text report file, please set the "Show Parameter Settings Tables in Synthesis Report" option in "Analysis and Synthesis Settings -> More Settings" to "Off".


+------------------------------------------------------------------+
; Parameter Settings for Inferred Entity Instance: lpm_divide:Mod0 ;
+------------------------+----------------+------------------------+
; Parameter Name         ; Value          ; Type                   ;
+------------------------+----------------+------------------------+
; LPM_WIDTHN             ; 7              ; Untyped                ;
; LPM_WIDTHD             ; 4              ; Untyped                ;
; LPM_NREPRESENTATION    ; UNSIGNED       ; Untyped                ;
; LPM_DREPRESENTATION    ; UNSIGNED       ; Untyped                ;
; LPM_PIPELINE           ; 0              ; Untyped                ;
; LPM_REMAINDERPOSITIVE  ; TRUE           ; Untyped                ;
; MAXIMIZE_SPEED         ; 5              ; Untyped                ;
; CBXI_PARAMETER         ; lpm_divide_l9m ; Untyped                ;
; CARRY_CHAIN            ; MANUAL         ; Untyped                ;
; OPTIMIZE_FOR_SPEED     ; 5              ; Untyped                ;
; AUTO_CARRY_CHAINS      ; ON             ; AUTO_CARRY             ;
; IGNORE_CARRY_BUFFERS   ; OFF            ; IGNORE_CARRY           ;
; AUTO_CASCADE_CHAINS    ; ON             ; AUTO_CASCADE           ;
; IGNORE_CASCADE_BUFFERS ; OFF            ; IGNORE_CASCADE         ;
+------------------------+----------------+------------------------+
Note: In order to hide this table in the UI and the text report file, please set the "Show Parameter Settings Tables in Synthesis Report" option in "Analysis and Synthesis Settings -> More Settings" to "Off".


+------------------------------------------------------------------+
; Parameter Settings for Inferred Entity Instance: lpm_divide:Div0 ;
+------------------------+----------------+------------------------+
; Parameter Name         ; Value          ; Type                   ;
+------------------------+----------------+------------------------+
; LPM_WIDTHN             ; 7              ; Untyped                ;
; LPM_WIDTHD             ; 4              ; Untyped                ;
; LPM_NREPRESENTATION    ; UNSIGNED       ; Untyped                ;
; LPM_DREPRESENTATION    ; UNSIGNED       ; Untyped                ;
; LPM_PIPELINE           ; 0              ; Untyped                ;
; LPM_REMAINDERPOSITIVE  ; TRUE           ; Untyped                ;
; MAXIMIZE_SPEED         ; 5              ; Untyped                ;
; CBXI_PARAMETER         ; lpm_divide_ihm ; Untyped                ;
; CARRY_CHAIN            ; MANUAL         ; Untyped                ;
; OPTIMIZE_FOR_SPEED     ; 5              ; Untyped                ;
; AUTO_CARRY_CHAINS      ; ON             ; AUTO_CARRY             ;
; IGNORE_CARRY_BUFFERS   ; OFF            ; IGNORE_CARRY           ;
; AUTO_CASCADE_CHAINS    ; ON             ; AUTO_CASCADE           ;
; IGNORE_CASCADE_BUFFERS ; OFF            ; IGNORE_CASCADE         ;
+------------------------+----------------+------------------------+
Note: In order to hide this table in the UI and the text report file, please set the "Show Parameter Settings Tables in Synthesis Report" option in "Analysis and Synthesis Settings -> More Settings" to "Off".


+------------------------------------------------------------------+
; Parameter Settings for Inferred Entity Instance: lpm_divide:Div2 ;
+------------------------+----------------+------------------------+
; Parameter Name         ; Value          ; Type                   ;
+------------------------+----------------+------------------------+
; LPM_WIDTHN             ; 14             ; Untyped                ;
; LPM_WIDTHD             ; 10             ; Untyped                ;
; LPM_NREPRESENTATION    ; UNSIGNED       ; Untyped                ;
; LPM_DREPRESENTATION    ; UNSIGNED       ; Untyped                ;
; LPM_PIPELINE           ; 0              ; Untyped                ;
; LPM_REMAINDERPOSITIVE  ; TRUE           ; Untyped                ;
; MAXIMIZE_SPEED         ; 5              ; Untyped                ;
; CBXI_PARAMETER         ; lpm_divide_dkm ; Untyped                ;
; CARRY_CHAIN            ; MANUAL         ; Untyped                ;
; OPTIMIZE_FOR_SPEED     ; 5              ; Untyped                ;
; AUTO_CARRY_CHAINS      ; ON             ; AUTO_CARRY             ;
; IGNORE_CARRY_BUFFERS   ; OFF            ; IGNORE_CARRY           ;
; AUTO_CASCADE_CHAINS    ; ON             ; AUTO_CASCADE           ;
; IGNORE_CASCADE_BUFFERS ; OFF            ; IGNORE_CASCADE         ;
+------------------------+----------------+------------------------+
Note: In order to hide this table in the UI and the text report file, please set the "Show Parameter Settings Tables in Synthesis Report" option in "Analysis and Synthesis Settings -> More Settings" to "Off".


+------------------------------------------------------------------+
; Parameter Settings for Inferred Entity Instance: lpm_divide:Mod2 ;
+------------------------+----------------+------------------------+
; Parameter Name         ; Value          ; Type                   ;
+------------------------+----------------+------------------------+
; LPM_WIDTHN             ; 14             ; Untyped                ;
; LPM_WIDTHD             ; 10             ; Untyped                ;
; LPM_NREPRESENTATION    ; UNSIGNED       ; Untyped                ;
; LPM_DREPRESENTATION    ; UNSIGNED       ; Untyped                ;
; LPM_PIPELINE           ; 0              ; Untyped                ;
; LPM_REMAINDERPOSITIVE  ; TRUE           ; Untyped                ;
; MAXIMIZE_SPEED         ; 5              ; Untyped                ;
; CBXI_PARAMETER         ; lpm_divide_gcm ; Untyped                ;
; CARRY_CHAIN            ; MANUAL         ; Untyped                ;
; OPTIMIZE_FOR_SPEED     ; 5              ; Untyped                ;
; AUTO_CARRY_CHAINS      ; ON             ; AUTO_CARRY             ;
; IGNORE_CARRY_BUFFERS   ; OFF            ; IGNORE_CARRY           ;
; AUTO_CASCADE_CHAINS    ; ON             ; AUTO_CASCADE           ;
; IGNORE_CASCADE_BUFFERS ; OFF            ; IGNORE_CASCADE         ;
+------------------------+----------------+------------------------+
Note: In order to hide this table in the UI and the text report file, please set the "Show Parameter Settings Tables in Synthesis Report" option in "Analysis and Synthesis Settings -> More Settings" to "Off".


+------------------------------------------------------------------+
; Parameter Settings for Inferred Entity Instance: lpm_divide:Div3 ;
+------------------------+----------------+------------------------+
; Parameter Name         ; Value          ; Type                   ;
+------------------------+----------------+------------------------+
; LPM_WIDTHN             ; 10             ; Untyped                ;
; LPM_WIDTHD             ; 7              ; Untyped                ;
; LPM_NREPRESENTATION    ; UNSIGNED       ; Untyped                ;
; LPM_DREPRESENTATION    ; UNSIGNED       ; Untyped                ;
; LPM_PIPELINE           ; 0              ; Untyped                ;
; LPM_REMAINDERPOSITIVE  ; TRUE           ; Untyped                ;
; MAXIMIZE_SPEED         ; 5              ; Untyped                ;
; CBXI_PARAMETER         ; lpm_divide_vim ; Untyped                ;
; CARRY_CHAIN            ; MANUAL         ; Untyped                ;
; OPTIMIZE_FOR_SPEED     ; 5              ; Untyped                ;
; AUTO_CARRY_CHAINS      ; ON             ; AUTO_CARRY             ;
; IGNORE_CARRY_BUFFERS   ; OFF            ; IGNORE_CARRY           ;
; AUTO_CASCADE_CHAINS    ; ON             ; AUTO_CASCADE           ;
; IGNORE_CASCADE_BUFFERS ; OFF            ; IGNORE_CASCADE         ;
+------------------------+----------------+------------------------+
Note: In order to hide this table in the UI and the text report file, please set the "Show Parameter Settings Tables in Synthesis Report" option in "Analysis and Synthesis Settings -> More Settings" to "Off".


+------------------------------------------------------------------+
; Parameter Settings for Inferred Entity Instance: lpm_divide:Mod3 ;
+------------------------+----------------+------------------------+
; Parameter Name         ; Value          ; Type                   ;
+------------------------+----------------+------------------------+
; LPM_WIDTHN             ; 10             ; Untyped                ;
; LPM_WIDTHD             ; 7              ; Untyped                ;
; LPM_NREPRESENTATION    ; UNSIGNED       ; Untyped                ;
; LPM_DREPRESENTATION    ; UNSIGNED       ; Untyped                ;
; LPM_PIPELINE           ; 0              ; Untyped                ;
; LPM_REMAINDERPOSITIVE  ; TRUE           ; Untyped                ;
; MAXIMIZE_SPEED         ; 5              ; Untyped                ;
; CBXI_PARAMETER         ; lpm_divide_2bm ; Untyped                ;
; CARRY_CHAIN            ; MANUAL         ; Untyped                ;
; OPTIMIZE_FOR_SPEED     ; 5              ; Untyped                ;
; AUTO_CARRY_CHAINS      ; ON             ; AUTO_CARRY             ;
; IGNORE_CARRY_BUFFERS   ; OFF            ; IGNORE_CARRY           ;
; AUTO_CASCADE_CHAINS    ; ON             ; AUTO_CASCADE           ;
; IGNORE_CASCADE_BUFFERS ; OFF            ; IGNORE_CASCADE         ;
+------------------------+----------------+------------------------+
Note: In order to hide this table in the UI and the text report file, please set the "Show Parameter Settings Tables in Synthesis Report" option in "Analysis and Synthesis Settings -> More Settings" to "Off".


+------------------------------------------------------------------+
; Parameter Settings for Inferred Entity Instance: lpm_divide:Div4 ;
+------------------------+----------------+------------------------+
; Parameter Name         ; Value          ; Type                   ;
+------------------------+----------------+------------------------+
; LPM_WIDTHN             ; 7              ; Untyped                ;
; LPM_WIDTHD             ; 4              ; Untyped                ;
; LPM_NREPRESENTATION    ; UNSIGNED       ; Untyped                ;
; LPM_DREPRESENTATION    ; UNSIGNED       ; Untyped                ;
; LPM_PIPELINE           ; 0              ; Untyped                ;
; LPM_REMAINDERPOSITIVE  ; TRUE           ; Untyped                ;
; MAXIMIZE_SPEED         ; 5              ; Untyped                ;
; CBXI_PARAMETER         ; lpm_divide_ihm ; Untyped                ;
; CARRY_CHAIN            ; MANUAL         ; Untyped                ;
; OPTIMIZE_FOR_SPEED     ; 5              ; Untyped                ;
; AUTO_CARRY_CHAINS      ; ON             ; AUTO_CARRY             ;
; IGNORE_CARRY_BUFFERS   ; OFF            ; IGNORE_CARRY           ;
; AUTO_CASCADE_CHAINS    ; ON             ; AUTO_CASCADE           ;
; IGNORE_CASCADE_BUFFERS ; OFF            ; IGNORE_CASCADE         ;
+------------------------+----------------+------------------------+
Note: In order to hide this table in the UI and the text report file, please set the "Show Parameter Settings Tables in Synthesis Report" option in "Analysis and Synthesis Settings -> More Settings" to "Off".


+------------------------------------------------------------------+
; Parameter Settings for Inferred Entity Instance: lpm_divide:Mod4 ;
+------------------------+----------------+------------------------+
; Parameter Name         ; Value          ; Type                   ;
+------------------------+----------------+------------------------+
; LPM_WIDTHN             ; 7              ; Untyped                ;
; LPM_WIDTHD             ; 4              ; Untyped                ;
; LPM_NREPRESENTATION    ; UNSIGNED       ; Untyped                ;
; LPM_DREPRESENTATION    ; UNSIGNED       ; Untyped                ;
; LPM_PIPELINE           ; 0              ; Untyped                ;
; LPM_REMAINDERPOSITIVE  ; TRUE           ; Untyped                ;
; MAXIMIZE_SPEED         ; 5              ; Untyped                ;
; CBXI_PARAMETER         ; lpm_divide_l9m ; Untyped                ;
; CARRY_CHAIN            ; MANUAL         ; Untyped                ;
; OPTIMIZE_FOR_SPEED     ; 5              ; Untyped                ;
; AUTO_CARRY_CHAINS      ; ON             ; AUTO_CARRY             ;
; IGNORE_CARRY_BUFFERS   ; OFF            ; IGNORE_CARRY           ;
; AUTO_CASCADE_CHAINS    ; ON             ; AUTO_CASCADE           ;
; IGNORE_CASCADE_BUFFERS ; OFF            ; IGNORE_CASCADE         ;
+------------------------+----------------+------------------------+
Note: In order to hide this table in the UI and the text report file, please set the "Show Parameter Settings Tables in Synthesis Report" option in "Analysis and Synthesis Settings -> More Settings" to "Off".


+-------------------------------------------------------------------------------------+
; Parameter Settings for Inferred Entity Instance: lpm_mult:Mult0                     ;
+------------------------------------------------+--------------+---------------------+
; Parameter Name                                 ; Value        ; Type                ;
+------------------------------------------------+--------------+---------------------+
; AUTO_CARRY_CHAINS                              ; ON           ; AUTO_CARRY          ;
; IGNORE_CARRY_BUFFERS                           ; OFF          ; IGNORE_CARRY        ;
; AUTO_CASCADE_CHAINS                            ; ON           ; AUTO_CASCADE        ;
; IGNORE_CASCADE_BUFFERS                         ; OFF          ; IGNORE_CASCADE      ;
; LPM_WIDTHA                                     ; 7            ; Untyped             ;
; LPM_WIDTHB                                     ; 7            ; Untyped             ;
; LPM_WIDTHP                                     ; 14           ; Untyped             ;
; LPM_WIDTHR                                     ; 14           ; Untyped             ;
; LPM_WIDTHS                                     ; 1            ; Untyped             ;
; LPM_REPRESENTATION                             ; UNSIGNED     ; Untyped             ;
; LPM_PIPELINE                                   ; 0            ; Untyped             ;
; LATENCY                                        ; 0            ; Untyped             ;
; INPUT_A_IS_CONSTANT                            ; NO           ; Untyped             ;
; INPUT_B_IS_CONSTANT                            ; NO           ; Untyped             ;
; USE_EAB                                        ; OFF          ; Untyped             ;
; MAXIMIZE_SPEED                                 ; 5            ; Untyped             ;
; DEVICE_FAMILY                                  ; Cyclone IV E ; Untyped             ;
; CARRY_CHAIN                                    ; MANUAL       ; Untyped             ;
; APEX20K_TECHNOLOGY_MAPPER                      ; LUT          ; TECH_MAPPER_APEX20K ;
; DEDICATED_MULTIPLIER_CIRCUITRY                 ; AUTO         ; Untyped             ;
; DEDICATED_MULTIPLIER_MIN_INPUT_WIDTH_FOR_AUTO  ; 0            ; Untyped             ;
; DEDICATED_MULTIPLIER_MIN_OUTPUT_WIDTH_FOR_AUTO ; 0            ; Untyped             ;
; CBXI_PARAMETER                                 ; mult_6at     ; Untyped             ;
; INPUT_A_FIXED_VALUE                            ; Bx           ; Untyped             ;
; INPUT_B_FIXED_VALUE                            ; Bx           ; Untyped             ;
; USE_AHDL_IMPLEMENTATION                        ; OFF          ; Untyped             ;
+------------------------------------------------+--------------+---------------------+
Note: In order to hide this table in the UI and the text report file, please set the "Show Parameter Settings Tables in Synthesis Report" option in "Analysis and Synthesis Settings -> More Settings" to "Off".


+--------------------------------------------------------+
; lpm_mult Parameter Settings by Entity Instance         ;
+---------------------------------------+----------------+
; Name                                  ; Value          ;
+---------------------------------------+----------------+
; Number of entity instances            ; 1              ;
; Entity Instance                       ; lpm_mult:Mult0 ;
;     -- LPM_WIDTHA                     ; 7              ;
;     -- LPM_WIDTHB                     ; 7              ;
;     -- LPM_WIDTHP                     ; 14             ;
;     -- LPM_REPRESENTATION             ; UNSIGNED       ;
;     -- INPUT_A_IS_CONSTANT            ; NO             ;
;     -- INPUT_B_IS_CONSTANT            ; NO             ;
;     -- USE_EAB                        ; OFF            ;
;     -- DEDICATED_MULTIPLIER_CIRCUITRY ; AUTO           ;
;     -- INPUT_A_FIXED_VALUE            ; Bx             ;
;     -- INPUT_B_FIXED_VALUE            ; Bx             ;
+---------------------------------------+----------------+


+-------------------------------+
; Analysis & Synthesis Messages ;
+-------------------------------+
Info: *******************************************************************
Info: Running Quartus II Analysis & Synthesis
    Info: Version 9.1 Build 350 03/24/2010 Service Pack 2 SJ Web Edition
    Info: Processing started: Mon Oct 10 17:31:09 2022
Info: Command: quartus_map --read_settings_files=on --write_settings_files=off projeto -c projeto
Info: Parallel compilation is enabled and will use 4 of the 4 processors detected
Info: Found 1 design units, including 1 entities, in source file main.v
    Info: Found entity 1: main
Info: Found 1 design units, including 1 entities, in source file decodificador.v
    Info: Found entity 1: decodificador
Info: Found 1 design units, including 1 entities, in source file decodificadoronoff.v
    Info: Found entity 1: decodificadorONOFF
Critical Warning (10846): Verilog HDL Instantiation warning at main.v(221): instance has no name
Critical Warning (10846): Verilog HDL Instantiation warning at main.v(222): instance has no name
Critical Warning (10846): Verilog HDL Instantiation warning at main.v(224): instance has no name
Critical Warning (10846): Verilog HDL Instantiation warning at main.v(225): instance has no name
Critical Warning (10846): Verilog HDL Instantiation warning at main.v(232): instance has no name
Critical Warning (10846): Verilog HDL Instantiation warning at main.v(233): instance has no name
Critical Warning (10846): Verilog HDL Instantiation warning at main.v(234): instance has no name
Critical Warning (10846): Verilog HDL Instantiation warning at main.v(235): instance has no name
Info: Elaborating entity "main" for the top level hierarchy
Warning (10036): Verilog HDL or VHDL warning at main.v(26): object "on" assigned a value but never read
Warning (10230): Verilog HDL assignment warning at main.v(108): truncated value with size 32 to match size of target (4)
Warning (10230): Verilog HDL assignment warning at main.v(109): truncated value with size 32 to match size of target (4)
Warning (10230): Verilog HDL assignment warning at main.v(111): truncated value with size 32 to match size of target (4)
Warning (10230): Verilog HDL assignment warning at main.v(112): truncated value with size 32 to match size of target (4)
Warning (10230): Verilog HDL assignment warning at main.v(200): truncated value with size 32 to match size of target (4)
Warning (10230): Verilog HDL assignment warning at main.v(201): truncated value with size 32 to match size of target (4)
Warning (10230): Verilog HDL assignment warning at main.v(202): truncated value with size 32 to match size of target (4)
Warning (10230): Verilog HDL assignment warning at main.v(203): truncated value with size 32 to match size of target (4)
Warning (10230): Verilog HDL assignment warning at main.v(207): truncated value with size 32 to match size of target (4)
Warning (10230): Verilog HDL assignment warning at main.v(208): truncated value with size 32 to match size of target (4)
Warning (10230): Verilog HDL assignment warning at main.v(209): truncated value with size 32 to match size of target (4)
Info: Elaborating entity "decodificador" for hierarchy "decodificador:comb_502"
Warning (10270): Verilog HDL Case Statement warning at decodificador.v(7): incomplete case statement has no default case item
Warning (10240): Verilog HDL Always Construct warning at decodificador.v(6): inferring latch(es) for variable "display", which holds its previous value in one or more paths through the always construct
Info (10041): Inferred latch for "display[6]" at decodificador.v(6)
Info (10041): Inferred latch for "display[5]" at decodificador.v(6)
Info (10041): Inferred latch for "display[4]" at decodificador.v(6)
Info (10041): Inferred latch for "display[3]" at decodificador.v(6)
Info (10041): Inferred latch for "display[2]" at decodificador.v(6)
Info (10041): Inferred latch for "display[1]" at decodificador.v(6)
Info (10041): Inferred latch for "display[0]" at decodificador.v(6)
Info: Inferred 11 megafunctions from design logic
    Info: Inferred divider/modulo megafunction ("lpm_divide") from the following logic: "Mod1"
    Info: Inferred divider/modulo megafunction ("lpm_divide") from the following logic: "Div1"
    Info: Inferred divider/modulo megafunction ("lpm_divide") from the following logic: "Mod0"
    Info: Inferred divider/modulo megafunction ("lpm_divide") from the following logic: "Div0"
    Info: Inferred divider/modulo megafunction ("lpm_divide") from the following logic: "Div2"
    Info: Inferred divider/modulo megafunction ("lpm_divide") from the following logic: "Mod2"
    Info: Inferred divider/modulo megafunction ("lpm_divide") from the following logic: "Div3"
    Info: Inferred divider/modulo megafunction ("lpm_divide") from the following logic: "Mod3"
    Info: Inferred divider/modulo megafunction ("lpm_divide") from the following logic: "Div4"
    Info: Inferred divider/modulo megafunction ("lpm_divide") from the following logic: "Mod4"
    Info: Inferred multiplier megafunction ("lpm_mult") from the following logic: "Mult0"
Info: Elaborated megafunction instantiation "lpm_divide:Mod1"
Info: Instantiated megafunction "lpm_divide:Mod1" with the following parameter:
    Info: Parameter "LPM_WIDTHN" = "7"
    Info: Parameter "LPM_WIDTHD" = "4"
    Info: Parameter "LPM_NREPRESENTATION" = "UNSIGNED"
    Info: Parameter "LPM_DREPRESENTATION" = "UNSIGNED"
Info: Found 1 design units, including 1 entities, in source file db/lpm_divide_l9m.tdf
    Info: Found entity 1: lpm_divide_l9m
Info: Found 1 design units, including 1 entities, in source file db/sign_div_unsign_akh.tdf
    Info: Found entity 1: sign_div_unsign_akh
Info: Found 1 design units, including 1 entities, in source file db/alt_u_div_84f.tdf
    Info: Found entity 1: alt_u_div_84f
Info: Found 1 design units, including 1 entities, in source file db/add_sub_7pc.tdf
    Info: Found entity 1: add_sub_7pc
Info: Found 1 design units, including 1 entities, in source file db/add_sub_8pc.tdf
    Info: Found entity 1: add_sub_8pc
Info: Elaborated megafunction instantiation "lpm_divide:Div1"
Info: Instantiated megafunction "lpm_divide:Div1" with the following parameter:
    Info: Parameter "LPM_WIDTHN" = "7"
    Info: Parameter "LPM_WIDTHD" = "4"
    Info: Parameter "LPM_NREPRESENTATION" = "UNSIGNED"
    Info: Parameter "LPM_DREPRESENTATION" = "UNSIGNED"
Info: Found 1 design units, including 1 entities, in source file db/lpm_divide_ihm.tdf
    Info: Found entity 1: lpm_divide_ihm
Info: Elaborated megafunction instantiation "lpm_divide:Div2"
Info: Instantiated megafunction "lpm_divide:Div2" with the following parameter:
    Info: Parameter "LPM_WIDTHN" = "14"
    Info: Parameter "LPM_WIDTHD" = "10"
    Info: Parameter "LPM_NREPRESENTATION" = "UNSIGNED"
    Info: Parameter "LPM_DREPRESENTATION" = "UNSIGNED"
Info: Found 1 design units, including 1 entities, in source file db/lpm_divide_dkm.tdf
    Info: Found entity 1: lpm_divide_dkm
Info: Found 1 design units, including 1 entities, in source file db/sign_div_unsign_5nh.tdf
    Info: Found entity 1: sign_div_unsign_5nh
Info: Found 1 design units, including 1 entities, in source file db/alt_u_div_u9f.tdf
    Info: Found entity 1: alt_u_div_u9f
Info: Elaborated megafunction instantiation "lpm_divide:Mod2"
Info: Instantiated megafunction "lpm_divide:Mod2" with the following parameter:
    Info: Parameter "LPM_WIDTHN" = "14"
    Info: Parameter "LPM_WIDTHD" = "10"
    Info: Parameter "LPM_NREPRESENTATION" = "UNSIGNED"
    Info: Parameter "LPM_DREPRESENTATION" = "UNSIGNED"
Info: Found 1 design units, including 1 entities, in source file db/lpm_divide_gcm.tdf
    Info: Found entity 1: lpm_divide_gcm
Info: Elaborated megafunction instantiation "lpm_divide:Div3"
Info: Instantiated megafunction "lpm_divide:Div3" with the following parameter:
    Info: Parameter "LPM_WIDTHN" = "10"
    Info: Parameter "LPM_WIDTHD" = "7"
    Info: Parameter "LPM_NREPRESENTATION" = "UNSIGNED"
    Info: Parameter "LPM_DREPRESENTATION" = "UNSIGNED"
Info: Found 1 design units, including 1 entities, in source file db/lpm_divide_vim.tdf
    Info: Found entity 1: lpm_divide_vim
Info: Found 1 design units, including 1 entities, in source file db/sign_div_unsign_nlh.tdf
    Info: Found entity 1: sign_div_unsign_nlh
Info: Found 1 design units, including 1 entities, in source file db/alt_u_div_27f.tdf
    Info: Found entity 1: alt_u_div_27f
Info: Elaborated megafunction instantiation "lpm_divide:Mod3"
Info: Instantiated megafunction "lpm_divide:Mod3" with the following parameter:
    Info: Parameter "LPM_WIDTHN" = "10"
    Info: Parameter "LPM_WIDTHD" = "7"
    Info: Parameter "LPM_NREPRESENTATION" = "UNSIGNED"
    Info: Parameter "LPM_DREPRESENTATION" = "UNSIGNED"
Info: Found 1 design units, including 1 entities, in source file db/lpm_divide_2bm.tdf
    Info: Found entity 1: lpm_divide_2bm
Info: Elaborated megafunction instantiation "lpm_mult:Mult0"
Info: Instantiated megafunction "lpm_mult:Mult0" with the following parameter:
    Info: Parameter "LPM_WIDTHA" = "7"
    Info: Parameter "LPM_WIDTHB" = "7"
    Info: Parameter "LPM_WIDTHP" = "14"
    Info: Parameter "LPM_WIDTHR" = "14"
    Info: Parameter "LPM_WIDTHS" = "1"
    Info: Parameter "LPM_REPRESENTATION" = "UNSIGNED"
    Info: Parameter "INPUT_A_IS_CONSTANT" = "NO"
    Info: Parameter "INPUT_B_IS_CONSTANT" = "NO"
    Info: Parameter "MAXIMIZE_SPEED" = "5"
Info: Found 1 design units, including 1 entities, in source file db/mult_6at.tdf
    Info: Found entity 1: mult_6at
Warning: Latch decodificador:comb_504|display[6] has unsafe behavior
    Warning: Ports D and ENA on the latch are fed by the same signal num0[0]
Warning: Latch decodificador:comb_504|display[5] has unsafe behavior
    Warning: Ports D and ENA on the latch are fed by the same signal num0[0]
Warning: Latch decodificador:comb_504|display[4] has unsafe behavior
    Warning: Ports D and ENA on the latch are fed by the same signal num0[0]
Warning: Latch decodificador:comb_504|display[3] has unsafe behavior
    Warning: Ports D and ENA on the latch are fed by the same signal num0[0]
Warning: Latch decodificador:comb_504|display[2] has unsafe behavior
    Warning: Ports D and ENA on the latch are fed by the same signal num0[0]
Warning: Latch decodificador:comb_504|display[1] has unsafe behavior
    Warning: Ports D and ENA on the latch are fed by the same signal num0[0]
Warning: Latch decodificador:comb_504|display[0] has unsafe behavior
    Warning: Ports D and ENA on the latch are fed by the same signal num0[0]
Warning: Latch decodificador:comb_505|display[6] has unsafe behavior
    Warning: Ports D and ENA on the latch are fed by the same signal num1[0]
Warning: Latch decodificador:comb_505|display[5] has unsafe behavior
    Warning: Ports D and ENA on the latch are fed by the same signal num1[0]
Warning: Latch decodificador:comb_505|display[4] has unsafe behavior
    Warning: Ports D and ENA on the latch are fed by the same signal num1[0]
Warning: Latch decodificador:comb_505|display[3] has unsafe behavior
    Warning: Ports D and ENA on the latch are fed by the same signal num1[0]
Warning: Latch decodificador:comb_505|display[2] has unsafe behavior
    Warning: Ports D and ENA on the latch are fed by the same signal num1[0]
Warning: Latch decodificador:comb_505|display[1] has unsafe behavior
    Warning: Ports D and ENA on the latch are fed by the same signal num1[0]
Warning: Latch decodificador:comb_505|display[0] has unsafe behavior
    Warning: Ports D and ENA on the latch are fed by the same signal num1[0]
Warning: Latch decodificador:comb_502|display[6] has unsafe behavior
    Warning: Ports D and ENA on the latch are fed by the same signal num2[0]
Warning: Latch decodificador:comb_502|display[5] has unsafe behavior
    Warning: Ports D and ENA on the latch are fed by the same signal num2[0]
Warning: Latch decodificador:comb_502|display[4] has unsafe behavior
    Warning: Ports D and ENA on the latch are fed by the same signal num2[0]
Warning: Latch decodificador:comb_502|display[3] has unsafe behavior
    Warning: Ports D and ENA on the latch are fed by the same signal num2[0]
Warning: Latch decodificador:comb_502|display[2] has unsafe behavior
    Warning: Ports D and ENA on the latch are fed by the same signal num2[0]
Warning: Latch decodificador:comb_502|display[1] has unsafe behavior
    Warning: Ports D and ENA on the latch are fed by the same signal num2[0]
Warning: Latch decodificador:comb_502|display[0] has unsafe behavior
    Warning: Ports D and ENA on the latch are fed by the same signal num2[0]
Warning: Latch decodificador:comb_503|display[6] has unsafe behavior
    Warning: Ports D and ENA on the latch are fed by the same signal num3[0]
Warning: Latch decodificador:comb_503|display[5] has unsafe behavior
    Warning: Ports D and ENA on the latch are fed by the same signal num3[0]
Warning: Latch decodificador:comb_503|display[4] has unsafe behavior
    Warning: Ports D and ENA on the latch are fed by the same signal num3[0]
Warning: Latch decodificador:comb_503|display[3] has unsafe behavior
    Warning: Ports D and ENA on the latch are fed by the same signal num3[0]
Warning: Latch decodificador:comb_503|display[2] has unsafe behavior
    Warning: Ports D and ENA on the latch are fed by the same signal num3[0]
Warning: Latch decodificador:comb_503|display[1] has unsafe behavior
    Warning: Ports D and ENA on the latch are fed by the same signal num3[0]
Warning: Latch decodificador:comb_503|display[0] has unsafe behavior
    Warning: Ports D and ENA on the latch are fed by the same signal num3[0]
Warning: Latch decodificador:comb_506|display[6] has unsafe behavior
    Warning: Ports D and ENA on the latch are fed by the same signal result1[0]
Warning: Latch decodificador:comb_506|display[5] has unsafe behavior
    Warning: Ports D and ENA on the latch are fed by the same signal result1[0]
Warning: Latch decodificador:comb_506|display[4] has unsafe behavior
    Warning: Ports D and ENA on the latch are fed by the same signal result1[0]
Warning: Latch decodificador:comb_506|display[3] has unsafe behavior
    Warning: Ports D and ENA on the latch are fed by the same signal result1[0]
Warning: Latch decodificador:comb_506|display[2] has unsafe behavior
    Warning: Ports D and ENA on the latch are fed by the same signal result1[0]
Warning: Latch decodificador:comb_506|display[1] has unsafe behavior
    Warning: Ports D and ENA on the latch are fed by the same signal result1[0]
Warning: Latch decodificador:comb_506|display[0] has unsafe behavior
    Warning: Ports D and ENA on the latch are fed by the same signal result1[0]
Warning: Latch decodificador:comb_507|display[6] has unsafe behavior
    Warning: Ports D and ENA on the latch are fed by the same signal result2[0]
Warning: Latch decodificador:comb_507|display[5] has unsafe behavior
    Warning: Ports D and ENA on the latch are fed by the same signal result2[0]
Warning: Latch decodificador:comb_507|display[4] has unsafe behavior
    Warning: Ports D and ENA on the latch are fed by the same signal result2[0]
Warning: Latch decodificador:comb_507|display[3] has unsafe behavior
    Warning: Ports D and ENA on the latch are fed by the same signal result2[0]
Warning: Latch decodificador:comb_507|display[2] has unsafe behavior
    Warning: Ports D and ENA on the latch are fed by the same signal result2[0]
Warning: Latch decodificador:comb_507|display[1] has unsafe behavior
    Warning: Ports D and ENA on the latch are fed by the same signal result2[0]
Warning: Latch decodificador:comb_507|display[0] has unsafe behavior
    Warning: Ports D and ENA on the latch are fed by the same signal result2[0]
Warning: Latch decodificador:comb_508|display[6] has unsafe behavior
    Warning: Ports D and ENA on the latch are fed by the same signal result3[0]
Warning: Latch decodificador:comb_508|display[5] has unsafe behavior
    Warning: Ports D and ENA on the latch are fed by the same signal result3[0]
Warning: Latch decodificador:comb_508|display[4] has unsafe behavior
    Warning: Ports D and ENA on the latch are fed by the same signal result3[0]
Warning: Latch decodificador:comb_508|display[3] has unsafe behavior
    Warning: Ports D and ENA on the latch are fed by the same signal result3[0]
Warning: Latch decodificador:comb_508|display[2] has unsafe behavior
    Warning: Ports D and ENA on the latch are fed by the same signal result3[0]
Warning: Latch decodificador:comb_508|display[1] has unsafe behavior
    Warning: Ports D and ENA on the latch are fed by the same signal result3[0]
Warning: Latch decodificador:comb_508|display[0] has unsafe behavior
    Warning: Ports D and ENA on the latch are fed by the same signal result3[0]
Warning: Latch decodificador:comb_509|display[6] has unsafe behavior
    Warning: Ports D and ENA on the latch are fed by the same signal result4[0]
Warning: Latch decodificador:comb_509|display[5] has unsafe behavior
    Warning: Ports D and ENA on the latch are fed by the same signal result4[0]
Warning: Latch decodificador:comb_509|display[4] has unsafe behavior
    Warning: Ports D and ENA on the latch are fed by the same signal result4[0]
Warning: Latch decodificador:comb_509|display[3] has unsafe behavior
    Warning: Ports D and ENA on the latch are fed by the same signal result4[0]
Warning: Latch decodificador:comb_509|display[2] has unsafe behavior
    Warning: Ports D and ENA on the latch are fed by the same signal result4[0]
Warning: Latch decodificador:comb_509|display[1] has unsafe behavior
    Warning: Ports D and ENA on the latch are fed by the same signal result4[0]
Warning: Latch decodificador:comb_509|display[0] has unsafe behavior
    Warning: Ports D and ENA on the latch are fed by the same signal result4[0]
Info: Timing-Driven Synthesis is running
Info: 1 registers lost all their fanouts during netlist optimizations. The first 1 are displayed below.
    Info: Register "state~5" lost all its fanouts during netlist optimizations.
Info: Implemented 1028 device resources after synthesis - the final resource count might be different
    Info: Implemented 19 input pins
    Info: Implemented 56 output pins
    Info: Implemented 952 logic cells
    Info: Implemented 1 DSP elements
Info: Quartus II Analysis & Synthesis was successful. 0 errors, 134 warnings
    Info: Peak virtual memory: 248 megabytes
    Info: Processing ended: Mon Oct 10 17:31:13 2022
    Info: Elapsed time: 00:00:04
    Info: Total CPU time (on all processors): 00:00:05


